2019-05-24 19:00:30,084  DEBUG  [APP]  Got token 5hd6cx2s7v
2019-05-24 19:00:32,086  DEBUG  [SEARCH]  into.the.wild
2019-05-24 19:00:35,861  INFO  [SHOPPING LIST]  Into.the.Wild.2007.1080p.BluRay.H264.AAC-RARBG added to shopping list
2019-05-24 19:17:35,350  INFO  [SHOPPING LIST]  Into.the.Wild.2007.1080p.BluRay.H264.AAC-RARBG removed from shopping list
2019-05-24 19:18:10,928  DEBUG  [APP]  Got token 5hd6cx2s7v
2019-05-24 19:18:12,931  DEBUG  [SEARCH]  alfa
2019-05-24 19:18:15,709  INFO  [SHOPPING LIST]  SLC.Punk.1998.1080p.AMZN.WEBRip.DD2.0.x264-alfaHD added to shopping list
2019-05-24 19:18:20,603  DEBUG  [APP]  Got token 5hd6cx2s7v
2019-05-24 19:18:22,606  DEBUG  [SEARCH]  omega
2019-05-24 19:18:24,845  INFO  [SHOPPING LIST]  Alpha.and.Omega.The.Big.Fureeze.2016.HDRip.XviD.AC3-EVO added to shopping list
2019-05-24 19:18:32,118  INFO  [SHOPPING LIST]  Alpha.and.Omega.The.Big.Fureeze.2016.HDRip.XviD.AC3-EVO removed from shopping list
2019-05-24 19:18:51,794  INFO  [SHOPPING LIST]  shopping list cleared
2019-10-20 21:11:36,662  DEBUG  [APP]  Got token 5hd6cx2s7v
2019-10-20 21:11:38,665  DEBUG  [SEARCH]  The.Office.S02
2019-10-20 21:13:13,404  DEBUG  [APP]  Got token 5hd6cx2s7v
2019-10-20 21:13:15,406  DEBUG  [SEARCH]  The.Office.S02
2019-10-20 21:13:27,880  DEBUG  [APP]  Got token 5hd6cx2s7v
2019-10-20 21:13:29,883  DEBUG  [SEARCH]  The.Office.S02
2019-11-02 16:07:24,824  DEBUG  [APP]  Got token 5hd6cx2s7v
2019-11-02 16:07:25,374  DEBUG  [SEARCH]  shinning
2019-11-02 16:07:25,602  ERROR  [SEARCH]  error_code: 20
2019-11-02 16:07:25,608  ERROR  [SEARCH]  error: No results found
2019-11-02 16:08:34,878  DEBUG  [APP]  Got token 5hd6cx2s7v
2019-11-02 16:08:35,379  DEBUG  [SEARCH]  shinning
2019-11-02 16:08:35,617  ERROR  [SEARCH]  error_code: 20
2019-11-02 16:08:35,618  ERROR  [SEARCH]  error: No results found
2019-11-02 16:08:39,327  DEBUG  [APP]  Got token 5hd6cx2s7v
2019-11-02 16:08:39,828  DEBUG  [SEARCH]  shining
2019-11-02 16:10:42,055  DEBUG  [APP]  Got token 5hd6cx2s7v
2019-11-02 16:10:42,557  DEBUG  [SEARCH]  shining
2019-11-02 16:10:45,479  DEBUG  [APP]  Got token 5hd6cx2s7v
2019-11-02 16:10:45,980  DEBUG  [SEARCH]  shinning
2019-11-02 16:10:46,198  ERROR  [SEARCH]  error_code: 20
2019-11-02 16:10:46,199  ERROR  [SEARCH]  error: No results found
